2025-03-07 20:52:42.814 [info] Extension host with pid 616 started
2025-03-07 20:52:42.853 [info] Eager extensions activated
2025-03-07 20:52:42.863 [info] Lock '/home/olamyde/.vscode-server/data/User/workspaceStorage/b1d04762a7e630c1fbecd087ec8e2b47/vscode.lock': Lock acquired.
2025-03-07 20:52:48.488 [info] ExtensionService#_doActivateExtension vscode.debug-auto-launch, startup: false, activationEvent: 'onStartupFinished'
2025-03-07 20:52:48.489 [info] ExtensionService#_doActivateExtension vscode.git-base, startup: false, activationEvent: '*', root cause: vscode.git
2025-03-07 20:52:48.490 [info] ExtensionService#_doActivateExtension vscode.merge-conflict, startup: false, activationEvent: 'onStartupFinished'
2025-03-07 20:52:48.572 [info] ExtensionService#_doActivateExtension vscode.git, startup: false, activationEvent: '*'
2025-03-07 20:52:48.572 [info] ExtensionService#_doActivateExtension vscode.github, startup: false, activationEvent: '*'
2025-03-07 20:52:48.947 [info] ExtensionService#_doActivateExtension vscode.emmet, startup: false, activationEvent: 'onLanguage'
2025-03-07 20:52:49.019 [warning] [Decorations] CAPPING events from decorations provider vscode.git 1593
2025-03-07 20:52:49.688 [warning] [Decorations] CAPPING events from decorations provider vscode.git 1593
2025-03-07 20:52:53.639 [warning] [Decorations] CAPPING events from decorations provider vscode.git 1593
2025-03-07 20:52:58.677 [warning] [Decorations] CAPPING events from decorations provider vscode.git 1593
2025-03-07 20:53:03.756 [warning] [Decorations] CAPPING events from decorations provider vscode.git 1593
2025-03-07 20:53:09.632 [warning] [Decorations] CAPPING events from decorations provider vscode.git 1593
2025-03-07 20:53:14.659 [warning] [Decorations] CAPPING events from decorations provider vscode.git 1593
2025-03-07 20:53:21.539 [warning] [Decorations] CAPPING events from decorations provider vscode.git 1593
2025-03-07 20:53:26.582 [warning] [Decorations] CAPPING events from decorations provider vscode.git 1593
2025-03-07 20:53:31.663 [warning] [Decorations] CAPPING events from decorations provider vscode.git 1593
2025-03-07 20:53:36.725 [warning] [Decorations] CAPPING events from decorations provider vscode.git 1593
2025-03-07 20:53:43.765 [info] ExtensionService#_doActivateExtension github.vscode-github-actions, startup: false, activationEvent: 'onLanguage:github-actions-workflow'
2025-03-07 20:53:48.482 [warning] [Decorations] CAPPING events from decorations provider vscode.git 1685
2025-03-07 20:53:53.516 [warning] [Decorations] CAPPING events from decorations provider vscode.git 1684
2025-03-07 20:53:59.968 [warning] [Decorations] CAPPING events from decorations provider vscode.git 1684
2025-03-07 20:54:07.551 [warning] [Decorations] CAPPING events from decorations provider vscode.git 1684
2025-03-07 20:54:18.182 [warning] [Decorations] CAPPING events from decorations provider vscode.git 1684
2025-03-07 20:54:23.252 [warning] [Decorations] CAPPING events from decorations provider vscode.git 1684
2025-03-07 20:54:34.566 [warning] [Decorations] CAPPING events from decorations provider vscode.git 1684
2025-03-07 20:54:39.591 [warning] [Decorations] CAPPING events from decorations provider vscode.git 1684
2025-03-07 20:54:44.635 [warning] [Decorations] CAPPING events from decorations provider vscode.git 1684
2025-03-07 20:54:49.655 [warning] [Decorations] CAPPING events from decorations provider vscode.git 1684
2025-03-07 20:54:54.685 [warning] [Decorations] CAPPING events from decorations provider vscode.git 1684
2025-03-07 20:54:59.717 [warning] [Decorations] CAPPING events from decorations provider vscode.git 1684
2025-03-07 20:55:06.247 [warning] [Decorations] CAPPING events from decorations provider vscode.git 1684
2025-03-07 20:55:12.900 [warning] [Decorations] CAPPING events from decorations provider vscode.git 1684
2025-03-07 20:55:17.950 [warning] [Decorations] CAPPING events from decorations provider vscode.git 1684
2025-03-07 20:55:22.979 [warning] [Decorations] CAPPING events from decorations provider vscode.git 1684
2025-03-07 20:55:28.008 [warning] [Decorations] CAPPING events from decorations provider vscode.git 1684
2025-03-07 20:55:33.058 [warning] [Decorations] CAPPING events from decorations provider vscode.git 1684
2025-03-07 20:55:39.617 [warning] [Decorations] CAPPING events from decorations provider vscode.git 1684
2025-03-07 20:55:44.645 [warning] [Decorations] CAPPING events from decorations provider vscode.git 1684
2025-03-07 20:55:49.669 [warning] [Decorations] CAPPING events from decorations provider vscode.git 1684
2025-03-07 20:55:54.735 [warning] [Decorations] CAPPING events from decorations provider vscode.git 1684
2025-03-07 20:55:59.788 [warning] [Decorations] CAPPING events from decorations provider vscode.git 1684
2025-03-07 20:56:04.820 [warning] [Decorations] CAPPING events from decorations provider vscode.git 1684
2025-03-07 20:56:11.663 [warning] [Decorations] CAPPING events from decorations provider vscode.git 1684
2025-03-07 20:56:17.280 [warning] [Decorations] CAPPING events from decorations provider vscode.git 1684
2025-03-07 20:56:22.309 [warning] [Decorations] CAPPING events from decorations provider vscode.git 1684
2025-03-07 20:56:27.338 [warning] [Decorations] CAPPING events from decorations provider vscode.git 1684
2025-03-07 20:56:32.388 [warning] [Decorations] CAPPING events from decorations provider vscode.git 1684
2025-03-07 20:56:37.431 [warning] [Decorations] CAPPING events from decorations provider vscode.git 1684
2025-03-07 20:56:42.548 [warning] [Decorations] CAPPING events from decorations provider vscode.git 1684
2025-03-07 20:56:49.574 [warning] [Decorations] CAPPING events from decorations provider vscode.git 1684
2025-03-07 20:56:54.621 [warning] [Decorations] CAPPING events from decorations provider vscode.git 1684
2025-03-07 20:56:59.643 [warning] [Decorations] CAPPING events from decorations provider vscode.git 1684
2025-03-07 20:57:04.666 [warning] [Decorations] CAPPING events from decorations provider vscode.git 1684
2025-03-07 20:57:09.696 [warning] [Decorations] CAPPING events from decorations provider vscode.git 1684
2025-03-07 20:57:14.726 [warning] [Decorations] CAPPING events from decorations provider vscode.git 1684
2025-03-07 20:57:21.814 [warning] [Decorations] CAPPING events from decorations provider vscode.git 1684
2025-03-07 20:57:26.861 [warning] [Decorations] CAPPING events from decorations provider vscode.git 1684
2025-03-07 20:57:31.892 [warning] [Decorations] CAPPING events from decorations provider vscode.git 1684
2025-03-07 20:57:36.927 [warning] [Decorations] CAPPING events from decorations provider vscode.git 1684
2025-03-07 20:57:41.955 [warning] [Decorations] CAPPING events from decorations provider vscode.git 1684
2025-03-07 20:57:46.991 [warning] [Decorations] CAPPING events from decorations provider vscode.git 1684
2025-03-07 20:57:54.208 [warning] [Decorations] CAPPING events from decorations provider vscode.git 1684
2025-03-07 20:57:59.232 [warning] [Decorations] CAPPING events from decorations provider vscode.git 1684
2025-03-07 20:58:04.263 [warning] [Decorations] CAPPING events from decorations provider vscode.git 1684
2025-03-07 20:58:09.296 [warning] [Decorations] CAPPING events from decorations provider vscode.git 1684
2025-03-07 20:58:14.332 [warning] [Decorations] CAPPING events from decorations provider vscode.git 1684
2025-03-07 20:58:19.357 [warning] [Decorations] CAPPING events from decorations provider vscode.git 1684
2025-03-07 20:58:24.383 [warning] [Decorations] CAPPING events from decorations provider vscode.git 1684
2025-03-07 20:58:31.534 [warning] [Decorations] CAPPING events from decorations provider vscode.git 1684
2025-03-07 20:58:36.570 [warning] [Decorations] CAPPING events from decorations provider vscode.git 1684
2025-03-07 20:58:41.599 [warning] [Decorations] CAPPING events from decorations provider vscode.git 1684
2025-03-07 20:58:46.621 [warning] [Decorations] CAPPING events from decorations provider vscode.git 1684
2025-03-07 20:58:51.655 [warning] [Decorations] CAPPING events from decorations provider vscode.git 1684
2025-03-07 20:58:56.696 [warning] [Decorations] CAPPING events from decorations provider vscode.git 1684
2025-03-07 20:59:03.924 [warning] [Decorations] CAPPING events from decorations provider vscode.git 1684
2025-03-07 20:59:08.960 [warning] [Decorations] CAPPING events from decorations provider vscode.git 1684
2025-03-07 20:59:13.985 [warning] [Decorations] CAPPING events from decorations provider vscode.git 1684
2025-03-07 20:59:19.014 [warning] [Decorations] CAPPING events from decorations provider vscode.git 1684
2025-03-07 20:59:24.042 [warning] [Decorations] CAPPING events from decorations provider vscode.git 1684
2025-03-07 20:59:31.344 [warning] [Decorations] CAPPING events from decorations provider vscode.git 1684
2025-03-07 20:59:38.366 [warning] [Decorations] CAPPING events from decorations provider vscode.git 1684
2025-03-07 20:59:43.412 [warning] [Decorations] CAPPING events from decorations provider vscode.git 1684
2025-03-07 20:59:48.438 [warning] [Decorations] CAPPING events from decorations provider vscode.git 1684
2025-03-07 20:59:53.498 [warning] [Decorations] CAPPING events from decorations provider vscode.git 1684
2025-03-07 20:59:58.532 [warning] [Decorations] CAPPING events from decorations provider vscode.git 1684
2025-03-07 21:06:27.392 [warning] [Decorations] CAPPING events from decorations provider vscode.git 1684
2025-03-07 21:06:32.478 [warning] [Decorations] CAPPING events from decorations provider vscode.git 1684
2025-03-07 21:06:53.085 [warning] [Decorations] CAPPING events from decorations provider vscode.git 1684
2025-03-07 21:06:58.149 [warning] [Decorations] CAPPING events from decorations provider vscode.git 1684
2025-03-07 21:07:03.175 [warning] [Decorations] CAPPING events from decorations provider vscode.git 1684
2025-03-07 21:07:08.207 [warning] [Decorations] CAPPING events from decorations provider vscode.git 1684
2025-03-07 21:07:51.948 [warning] [Decorations] CAPPING events from decorations provider vscode.git 1684
2025-03-07 21:07:57.009 [warning] [Decorations] CAPPING events from decorations provider vscode.git 1684
2025-03-07 21:08:02.051 [warning] [Decorations] CAPPING events from decorations provider vscode.git 1684
2025-03-07 21:08:07.078 [warning] [Decorations] CAPPING events from decorations provider vscode.git 1684
2025-03-07 21:08:12.103 [warning] [Decorations] CAPPING events from decorations provider vscode.git 1684
2025-03-07 21:08:18.519 [warning] [Decorations] CAPPING events from decorations provider vscode.git 1684
2025-03-07 21:08:38.207 [warning] [Decorations] CAPPING events from decorations provider vscode.git 1684
2025-03-07 21:08:43.272 [warning] [Decorations] CAPPING events from decorations provider vscode.git 1684
2025-03-07 21:08:48.302 [warning] [Decorations] CAPPING events from decorations provider vscode.git 1684
2025-03-07 21:08:54.648 [warning] [Decorations] CAPPING events from decorations provider vscode.git 1684
2025-03-07 21:08:59.703 [warning] [Decorations] CAPPING events from decorations provider vscode.git 1684
2025-03-07 21:09:04.749 [warning] [Decorations] CAPPING events from decorations provider vscode.git 1684
2025-03-07 21:09:09.794 [warning] [Decorations] CAPPING events from decorations provider vscode.git 1684
2025-03-07 21:09:14.830 [warning] [Decorations] CAPPING events from decorations provider vscode.git 1684
2025-03-07 21:09:19.865 [warning] [Decorations] CAPPING events from decorations provider vscode.git 1684
2025-03-07 21:09:25.958 [warning] [Decorations] CAPPING events from decorations provider vscode.git 1684
2025-03-07 21:09:31.006 [warning] [Decorations] CAPPING events from decorations provider vscode.git 1684
2025-03-07 21:09:36.042 [warning] [Decorations] CAPPING events from decorations provider vscode.git 1684
2025-03-07 21:09:41.098 [warning] [Decorations] CAPPING events from decorations provider vscode.git 1684
2025-03-07 21:09:46.129 [warning] [Decorations] CAPPING events from decorations provider vscode.git 1684
2025-03-07 21:09:51.150 [warning] [Decorations] CAPPING events from decorations provider vscode.git 1684
2025-03-07 21:09:56.193 [warning] [Decorations] CAPPING events from decorations provider vscode.git 1684
2025-03-07 21:10:02.407 [warning] [Decorations] CAPPING events from decorations provider vscode.git 1684
2025-03-07 21:10:07.461 [warning] [Decorations] CAPPING events from decorations provider vscode.git 1684
2025-03-07 21:10:12.493 [warning] [Decorations] CAPPING events from decorations provider vscode.git 1684
2025-03-07 21:10:17.567 [warning] [Decorations] CAPPING events from decorations provider vscode.git 1684
2025-03-07 21:10:22.608 [warning] [Decorations] CAPPING events from decorations provider vscode.git 1684
2025-03-07 21:10:27.636 [warning] [Decorations] CAPPING events from decorations provider vscode.git 1684
2025-03-07 21:10:33.890 [warning] [Decorations] CAPPING events from decorations provider vscode.git 1684
2025-03-07 21:10:38.946 [warning] [Decorations] CAPPING events from decorations provider vscode.git 1684
2025-03-07 21:10:43.994 [warning] [Decorations] CAPPING events from decorations provider vscode.git 1684
2025-03-07 21:10:49.026 [warning] [Decorations] CAPPING events from decorations provider vscode.git 1684
2025-03-07 21:10:54.141 [warning] [Decorations] CAPPING events from decorations provider vscode.git 1684
2025-03-07 21:10:59.175 [warning] [Decorations] CAPPING events from decorations provider vscode.git 1684
2025-03-07 21:11:04.223 [warning] [Decorations] CAPPING events from decorations provider vscode.git 1684
2025-03-07 21:11:10.490 [warning] [Decorations] CAPPING events from decorations provider vscode.git 1684
2025-03-07 21:12:16.739 [warning] [Decorations] CAPPING events from decorations provider vscode.git 1684
2025-03-07 21:12:21.764 [warning] [Decorations] CAPPING events from decorations provider vscode.git 1684
2025-03-07 21:12:27.097 [warning] [Decorations] CAPPING events from decorations provider vscode.git 1684
2025-03-07 21:13:21.008 [warning] [Decorations] CAPPING events from decorations provider vscode.git 1684
2025-03-07 21:13:26.037 [warning] [Decorations] CAPPING events from decorations provider vscode.git 1684
2025-03-07 21:13:31.076 [warning] [Decorations] CAPPING events from decorations provider vscode.git 1684
2025-03-07 21:13:36.108 [warning] [Decorations] CAPPING events from decorations provider vscode.git 1684
2025-03-07 21:15:55.720 [warning] [Decorations] CAPPING events from decorations provider vscode.git 1684
2025-03-07 21:16:00.761 [warning] [Decorations] CAPPING events from decorations provider vscode.git 1684
2025-03-07 21:16:05.808 [warning] [Decorations] CAPPING events from decorations provider vscode.git 1684
2025-03-07 21:16:12.093 [warning] [Decorations] CAPPING events from decorations provider vscode.git 1684
2025-03-07 21:16:17.123 [warning] [Decorations] CAPPING events from decorations provider vscode.git 1684
2025-03-07 21:16:22.162 [warning] [Decorations] CAPPING events from decorations provider vscode.git 1684
2025-03-07 21:16:27.201 [warning] [Decorations] CAPPING events from decorations provider vscode.git 1684
2025-03-07 21:16:35.903 [warning] [Decorations] CAPPING events from decorations provider vscode.git 1684
2025-03-07 21:16:42.570 [warning] [Decorations] CAPPING events from decorations provider vscode.git 1684
2025-03-07 21:16:47.618 [warning] [Decorations] CAPPING events from decorations provider vscode.git 1684
2025-03-07 21:16:53.067 [warning] [Decorations] CAPPING events from decorations provider vscode.git 1684
2025-03-07 21:16:58.101 [warning] [Decorations] CAPPING events from decorations provider vscode.git 1684
2025-03-07 21:17:03.159 [warning] [Decorations] CAPPING events from decorations provider vscode.git 1684
2025-03-07 21:17:08.184 [warning] [Decorations] CAPPING events from decorations provider vscode.git 1684
2025-03-07 21:17:13.210 [warning] [Decorations] CAPPING events from decorations provider vscode.git 1684
2025-03-07 21:17:19.723 [warning] [Decorations] CAPPING events from decorations provider vscode.git 1684
2025-03-07 21:17:24.806 [warning] [Decorations] CAPPING events from decorations provider vscode.git 1684
2025-03-07 21:17:29.837 [warning] [Decorations] CAPPING events from decorations provider vscode.git 1684
2025-03-07 21:17:34.964 [warning] [Decorations] CAPPING events from decorations provider vscode.git 1684
2025-03-07 21:17:40.014 [warning] [Decorations] CAPPING events from decorations provider vscode.git 1684
2025-03-07 21:17:45.061 [warning] [Decorations] CAPPING events from decorations provider vscode.git 1684
2025-03-07 21:17:51.469 [warning] [Decorations] CAPPING events from decorations provider vscode.git 1684
2025-03-07 21:17:56.510 [warning] [Decorations] CAPPING events from decorations provider vscode.git 1684
2025-03-07 21:18:01.551 [warning] [Decorations] CAPPING events from decorations provider vscode.git 1684
2025-03-07 21:18:06.583 [warning] [Decorations] CAPPING events from decorations provider vscode.git 1684
2025-03-07 21:18:11.613 [warning] [Decorations] CAPPING events from decorations provider vscode.git 1684
2025-03-07 21:18:16.665 [warning] [Decorations] CAPPING events from decorations provider vscode.git 1684
2025-03-07 21:18:23.494 [warning] [Decorations] CAPPING events from decorations provider vscode.git 1684
2025-03-07 21:18:28.518 [warning] [Decorations] CAPPING events from decorations provider vscode.git 1684
2025-03-07 21:18:33.555 [warning] [Decorations] CAPPING events from decorations provider vscode.git 1684
2025-03-07 21:18:38.581 [warning] [Decorations] CAPPING events from decorations provider vscode.git 1684
2025-03-07 21:18:43.637 [warning] [Decorations] CAPPING events from decorations provider vscode.git 1684
2025-03-07 21:18:48.694 [warning] [Decorations] CAPPING events from decorations provider vscode.git 1684
2025-03-07 21:18:53.725 [warning] [Decorations] CAPPING events from decorations provider vscode.git 1684
2025-03-07 21:19:00.313 [warning] [Decorations] CAPPING events from decorations provider vscode.git 1684
2025-03-07 21:19:05.357 [warning] [Decorations] CAPPING events from decorations provider vscode.git 1684
2025-03-07 21:19:10.466 [warning] [Decorations] CAPPING events from decorations provider vscode.git 1684
2025-03-07 21:19:15.518 [warning] [Decorations] CAPPING events from decorations provider vscode.git 1684
2025-03-07 21:19:21.914 [warning] [Decorations] CAPPING events from decorations provider vscode.git 1684
2025-03-07 21:19:26.951 [warning] [Decorations] CAPPING events from decorations provider vscode.git 1684
2025-03-07 21:19:33.651 [warning] [Decorations] CAPPING events from decorations provider vscode.git 1684
2025-03-07 21:19:38.685 [warning] [Decorations] CAPPING events from decorations provider vscode.git 1684
2025-03-07 21:19:43.742 [warning] [Decorations] CAPPING events from decorations provider vscode.git 1684
2025-03-07 21:19:49.583 [warning] [Decorations] CAPPING events from decorations provider vscode.git 1684
2025-03-07 21:19:54.611 [warning] [Decorations] CAPPING events from decorations provider vscode.git 1684
2025-03-07 21:19:59.645 [warning] [Decorations] CAPPING events from decorations provider vscode.git 1684
2025-03-07 21:20:06.335 [warning] [Decorations] CAPPING events from decorations provider vscode.git 1684
2025-03-07 21:20:11.364 [warning] [Decorations] CAPPING events from decorations provider vscode.git 1684
2025-03-07 21:20:16.398 [warning] [Decorations] CAPPING events from decorations provider vscode.git 1684
2025-03-07 21:20:21.429 [warning] [Decorations] CAPPING events from decorations provider vscode.git 1684
2025-03-07 21:20:27.016 [warning] [Decorations] CAPPING events from decorations provider vscode.git 1684
2025-03-07 21:20:33.149 [warning] [Decorations] CAPPING events from decorations provider vscode.git 1684
2025-03-07 21:20:39.859 [warning] [Decorations] CAPPING events from decorations provider vscode.git 1684
2025-03-07 21:20:44.880 [warning] [Decorations] CAPPING events from decorations provider vscode.git 1684
2025-03-07 21:20:49.927 [warning] [Decorations] CAPPING events from decorations provider vscode.git 1684
2025-03-07 21:20:54.997 [warning] [Decorations] CAPPING events from decorations provider vscode.git 1684
2025-03-07 21:21:22.184 [warning] [Decorations] CAPPING events from decorations provider vscode.git 1684
2025-03-07 21:21:39.889 [warning] [Decorations] CAPPING events from decorations provider vscode.git 1684
2025-03-07 21:22:15.724 [warning] [Decorations] CAPPING events from decorations provider vscode.git 1684
2025-03-07 21:22:22.610 [warning] [Decorations] CAPPING events from decorations provider vscode.git 1684
2025-03-07 21:22:27.638 [warning] [Decorations] CAPPING events from decorations provider vscode.git 1684
2025-03-07 21:22:32.661 [warning] [Decorations] CAPPING events from decorations provider vscode.git 1684
2025-03-07 21:22:37.688 [warning] [Decorations] CAPPING events from decorations provider vscode.git 1684
2025-03-07 21:22:42.720 [warning] [Decorations] CAPPING events from decorations provider vscode.git 1684
2025-03-07 21:22:47.763 [warning] [Decorations] CAPPING events from decorations provider vscode.git 1684
2025-03-07 21:22:55.042 [warning] [Decorations] CAPPING events from decorations provider vscode.git 1684
2025-03-07 21:23:00.069 [warning] [Decorations] CAPPING events from decorations provider vscode.git 1684
2025-03-07 21:23:05.101 [warning] [Decorations] CAPPING events from decorations provider vscode.git 1684
2025-03-07 21:23:10.133 [warning] [Decorations] CAPPING events from decorations provider vscode.git 1684
2025-03-07 21:23:15.165 [warning] [Decorations] CAPPING events from decorations provider vscode.git 1684
2025-03-07 21:23:20.198 [warning] [Decorations] CAPPING events from decorations provider vscode.git 1684
2025-03-07 21:23:25.227 [warning] [Decorations] CAPPING events from decorations provider vscode.git 1684
2025-03-07 21:23:32.174 [warning] [Decorations] CAPPING events from decorations provider vscode.git 1684
2025-03-07 21:23:37.207 [warning] [Decorations] CAPPING events from decorations provider vscode.git 1684
2025-03-07 21:23:42.240 [warning] [Decorations] CAPPING events from decorations provider vscode.git 1684
2025-03-07 21:23:47.264 [warning] [Decorations] CAPPING events from decorations provider vscode.git 1684
2025-03-07 21:23:52.319 [warning] [Decorations] CAPPING events from decorations provider vscode.git 1684
2025-03-07 21:23:57.350 [warning] [Decorations] CAPPING events from decorations provider vscode.git 1684
2025-03-07 21:24:04.409 [warning] [Decorations] CAPPING events from decorations provider vscode.git 1684
2025-03-07 21:24:09.441 [warning] [Decorations] CAPPING events from decorations provider vscode.git 1684
2025-03-07 21:24:14.523 [warning] [Decorations] CAPPING events from decorations provider vscode.git 1684
2025-03-07 21:24:19.545 [warning] [Decorations] CAPPING events from decorations provider vscode.git 1684
2025-03-07 21:24:24.570 [warning] [Decorations] CAPPING events from decorations provider vscode.git 1684
2025-03-07 21:24:29.609 [warning] [Decorations] CAPPING events from decorations provider vscode.git 1684
2025-03-07 21:24:34.630 [warning] [Decorations] CAPPING events from decorations provider vscode.git 1684
2025-03-07 21:24:41.674 [warning] [Decorations] CAPPING events from decorations provider vscode.git 1684
2025-03-07 21:24:46.712 [warning] [Decorations] CAPPING events from decorations provider vscode.git 1684
2025-03-07 21:24:51.731 [warning] [Decorations] CAPPING events from decorations provider vscode.git 1684
2025-03-07 21:24:56.764 [warning] [Decorations] CAPPING events from decorations provider vscode.git 1684
2025-03-07 21:25:01.799 [warning] [Decorations] CAPPING events from decorations provider vscode.git 1684
2025-03-07 21:25:06.845 [warning] [Decorations] CAPPING events from decorations provider vscode.git 1684
2025-03-07 21:25:13.913 [warning] [Decorations] CAPPING events from decorations provider vscode.git 1684
2025-03-07 21:25:18.954 [warning] [Decorations] CAPPING events from decorations provider vscode.git 1684
2025-03-07 21:25:23.985 [warning] [Decorations] CAPPING events from decorations provider vscode.git 1684
2025-03-07 21:25:29.013 [warning] [Decorations] CAPPING events from decorations provider vscode.git 1684
2025-03-07 21:25:34.064 [warning] [Decorations] CAPPING events from decorations provider vscode.git 1684
2025-03-07 21:25:39.085 [warning] [Decorations] CAPPING events from decorations provider vscode.git 1684
2025-03-07 21:25:46.197 [warning] [Decorations] CAPPING events from decorations provider vscode.git 1684
2025-03-07 21:25:51.229 [warning] [Decorations] CAPPING events from decorations provider vscode.git 1684
2025-03-07 21:25:56.266 [warning] [Decorations] CAPPING events from decorations provider vscode.git 1684
2025-03-07 21:26:01.291 [warning] [Decorations] CAPPING events from decorations provider vscode.git 1684
2025-03-07 21:26:06.323 [warning] [Decorations] CAPPING events from decorations provider vscode.git 1684
2025-03-07 21:26:11.352 [warning] [Decorations] CAPPING events from decorations provider vscode.git 1684
2025-03-07 21:26:16.404 [warning] [Decorations] CAPPING events from decorations provider vscode.git 1684
2025-03-07 21:26:23.492 [warning] [Decorations] CAPPING events from decorations provider vscode.git 1684
2025-03-07 21:26:28.529 [warning] [Decorations] CAPPING events from decorations provider vscode.git 1684
2025-03-07 21:26:33.570 [warning] [Decorations] CAPPING events from decorations provider vscode.git 1684
2025-03-07 21:26:38.888 [warning] [Decorations] CAPPING events from decorations provider vscode.git 1684
2025-03-07 21:26:43.932 [warning] [Decorations] CAPPING events from decorations provider vscode.git 1684
2025-03-07 21:26:48.959 [warning] [Decorations] CAPPING events from decorations provider vscode.git 1684
2025-03-07 21:26:55.608 [warning] [Decorations] CAPPING events from decorations provider vscode.git 1684
2025-03-07 21:27:00.661 [warning] [Decorations] CAPPING events from decorations provider vscode.git 1684
2025-03-07 21:27:05.690 [warning] [Decorations] CAPPING events from decorations provider vscode.git 1684
2025-03-07 21:27:10.728 [warning] [Decorations] CAPPING events from decorations provider vscode.git 1684
2025-03-07 21:27:15.755 [warning] [Decorations] CAPPING events from decorations provider vscode.git 1684
2025-03-07 21:27:20.792 [warning] [Decorations] CAPPING events from decorations provider vscode.git 1684
2025-03-07 21:27:27.799 [warning] [Decorations] CAPPING events from decorations provider vscode.git 1684
2025-03-07 21:27:32.823 [warning] [Decorations] CAPPING events from decorations provider vscode.git 1684
2025-03-07 21:27:37.850 [warning] [Decorations] CAPPING events from decorations provider vscode.git 1684
2025-03-07 21:27:42.884 [warning] [Decorations] CAPPING events from decorations provider vscode.git 1684
2025-03-07 21:27:47.918 [warning] [Decorations] CAPPING events from decorations provider vscode.git 1684
2025-03-07 21:27:52.954 [warning] [Decorations] CAPPING events from decorations provider vscode.git 1684
2025-03-07 21:27:57.998 [warning] [Decorations] CAPPING events from decorations provider vscode.git 1684
2025-03-07 21:28:05.007 [warning] [Decorations] CAPPING events from decorations provider vscode.git 1684
2025-03-07 21:28:11.590 [warning] [Decorations] CAPPING events from decorations provider vscode.git 1684
2025-03-07 21:28:16.628 [warning] [Decorations] CAPPING events from decorations provider vscode.git 1684
2025-03-07 21:28:21.654 [warning] [Decorations] CAPPING events from decorations provider vscode.git 1684
2025-03-07 21:28:26.683 [warning] [Decorations] CAPPING events from decorations provider vscode.git 1684
2025-03-07 21:28:31.730 [warning] [Decorations] CAPPING events from decorations provider vscode.git 1684
2025-03-08 16:24:58.668 [warning] [Decorations] CAPPING events from decorations provider vscode.git 1684
2025-03-08 16:25:03.743 [warning] [Decorations] CAPPING events from decorations provider vscode.git 1684
2025-03-08 16:25:08.770 [warning] [Decorations] CAPPING events from decorations provider vscode.git 1684
2025-03-08 16:25:15.608 [warning] [Decorations] CAPPING events from decorations provider vscode.git 1684
2025-03-08 16:25:20.631 [warning] [Decorations] CAPPING events from decorations provider vscode.git 1684
2025-03-08 16:27:31.726 [warning] [Decorations] CAPPING events from decorations provider vscode.git 1684
2025-03-08 16:27:36.758 [warning] [Decorations] CAPPING events from decorations provider vscode.git 1684
2025-03-08 16:27:41.826 [warning] [Decorations] CAPPING events from decorations provider vscode.git 1684
2025-03-08 16:27:46.887 [warning] [Decorations] CAPPING events from decorations provider vscode.git 1684
2025-03-08 16:27:51.938 [warning] [Decorations] CAPPING events from decorations provider vscode.git 1684
2025-03-08 16:27:56.976 [warning] [Decorations] CAPPING events from decorations provider vscode.git 1684
2025-03-08 16:28:02.000 [warning] [Decorations] CAPPING events from decorations provider vscode.git 1684
2025-03-08 16:28:09.199 [warning] [Decorations] CAPPING events from decorations provider vscode.git 1684
2025-03-08 16:28:14.231 [warning] [Decorations] CAPPING events from decorations provider vscode.git 1684
2025-03-08 16:28:50.469 [warning] [Decorations] CAPPING events from decorations provider vscode.git 1684
2025-03-08 16:28:59.610 [warning] [Decorations] CAPPING events from decorations provider vscode.git 1684
2025-03-08 16:29:04.671 [warning] [Decorations] CAPPING events from decorations provider vscode.git 1684
2025-03-08 16:29:09.697 [warning] [Decorations] CAPPING events from decorations provider vscode.git 1684
2025-03-08 16:29:17.294 [warning] [Decorations] CAPPING events from decorations provider vscode.git 1684
2025-03-08 16:29:22.333 [warning] [Decorations] CAPPING events from decorations provider vscode.git 1684
2025-03-08 16:29:27.368 [warning] [Decorations] CAPPING events from decorations provider vscode.git 1684
2025-03-08 16:29:32.400 [warning] [Decorations] CAPPING events from decorations provider vscode.git 1684
2025-03-08 16:29:37.452 [warning] [Decorations] CAPPING events from decorations provider vscode.git 1684
2025-03-08 16:29:42.488 [warning] [Decorations] CAPPING events from decorations provider vscode.git 1684
2025-03-08 16:29:49.722 [warning] [Decorations] CAPPING events from decorations provider vscode.git 1684
2025-03-08 16:29:54.780 [warning] [Decorations] CAPPING events from decorations provider vscode.git 1684
2025-03-08 16:29:59.826 [warning] [Decorations] CAPPING events from decorations provider vscode.git 1684
2025-03-08 16:30:04.851 [warning] [Decorations] CAPPING events from decorations provider vscode.git 1684
2025-03-08 16:30:09.892 [warning] [Decorations] CAPPING events from decorations provider vscode.git 1684
2025-03-08 16:30:14.931 [warning] [Decorations] CAPPING events from decorations provider vscode.git 1684
2025-03-08 16:30:19.961 [warning] [Decorations] CAPPING events from decorations provider vscode.git 1684
2025-03-08 16:30:27.198 [warning] [Decorations] CAPPING events from decorations provider vscode.git 1684
2025-03-08 16:31:05.373 [warning] [Decorations] CAPPING events from decorations provider vscode.git 1684
2025-03-08 16:31:10.411 [warning] [Decorations] CAPPING events from decorations provider vscode.git 1684
2025-03-08 16:31:15.442 [warning] [Decorations] CAPPING events from decorations provider vscode.git 1684
2025-03-08 16:31:20.479 [warning] [Decorations] CAPPING events from decorations provider vscode.git 1684
2025-03-08 16:31:25.526 [warning] [Decorations] CAPPING events from decorations provider vscode.git 1684
2025-03-08 16:31:32.716 [warning] [Decorations] CAPPING events from decorations provider vscode.git 1684
2025-03-08 16:31:37.792 [warning] [Decorations] CAPPING events from decorations provider vscode.git 1684
2025-03-08 16:31:42.823 [warning] [Decorations] CAPPING events from decorations provider vscode.git 1684
2025-03-08 16:31:47.877 [warning] [Decorations] CAPPING events from decorations provider vscode.git 1684
2025-03-08 16:31:52.914 [warning] [Decorations] CAPPING events from decorations provider vscode.git 1684
2025-03-08 16:31:57.950 [warning] [Decorations] CAPPING events from decorations provider vscode.git 1684
2025-03-08 16:32:02.990 [warning] [Decorations] CAPPING events from decorations provider vscode.git 1684
2025-03-08 16:32:10.171 [warning] [Decorations] CAPPING events from decorations provider vscode.git 1684
2025-03-08 16:32:15.203 [warning] [Decorations] CAPPING events from decorations provider vscode.git 1684
2025-03-08 16:32:20.232 [warning] [Decorations] CAPPING events from decorations provider vscode.git 1684
2025-03-08 16:32:25.431 [warning] [Decorations] CAPPING events from decorations provider vscode.git 1684
2025-03-08 16:32:30.491 [warning] [Decorations] CAPPING events from decorations provider vscode.git 1684
2025-03-08 16:32:35.549 [warning] [Decorations] CAPPING events from decorations provider vscode.git 1684
2025-03-08 16:32:42.730 [warning] [Decorations] CAPPING events from decorations provider vscode.git 1684
2025-03-08 16:32:47.774 [warning] [Decorations] CAPPING events from decorations provider vscode.git 1684
2025-03-08 16:32:52.811 [warning] [Decorations] CAPPING events from decorations provider vscode.git 1684
2025-03-08 16:32:57.848 [warning] [Decorations] CAPPING events from decorations provider vscode.git 1684
2025-03-08 16:33:02.887 [warning] [Decorations] CAPPING events from decorations provider vscode.git 1684
2025-03-08 16:33:07.942 [warning] [Decorations] CAPPING events from decorations provider vscode.git 1684
2025-03-08 16:33:15.138 [warning] [Decorations] CAPPING events from decorations provider vscode.git 1684
2025-03-08 16:33:20.211 [warning] [Decorations] CAPPING events from decorations provider vscode.git 1684
2025-03-08 16:33:25.251 [warning] [Decorations] CAPPING events from decorations provider vscode.git 1684
2025-03-08 16:33:30.280 [warning] [Decorations] CAPPING events from decorations provider vscode.git 1684
2025-03-08 16:33:51.276 [warning] [Decorations] CAPPING events from decorations provider vscode.git 1684
2025-03-08 16:33:56.314 [warning] [Decorations] CAPPING events from decorations provider vscode.git 1684
2025-03-08 16:34:01.474 [warning] [Decorations] CAPPING events from decorations provider vscode.git 1684
2025-03-08 16:34:06.496 [warning] [Decorations] CAPPING events from decorations provider vscode.git 1684
2025-03-08 16:34:11.533 [warning] [Decorations] CAPPING events from decorations provider vscode.git 1684
2025-03-08 16:34:16.558 [warning] [Decorations] CAPPING events from decorations provider vscode.git 1684
2025-03-08 16:34:23.920 [warning] [Decorations] CAPPING events from decorations provider vscode.git 1684
2025-03-08 16:34:28.964 [warning] [Decorations] CAPPING events from decorations provider vscode.git 1684
2025-03-08 16:34:34.018 [warning] [Decorations] CAPPING events from decorations provider vscode.git 1684
2025-03-08 16:34:39.042 [warning] [Decorations] CAPPING events from decorations provider vscode.git 1684
2025-03-08 16:34:44.075 [warning] [Decorations] CAPPING events from decorations provider vscode.git 1684
2025-03-08 16:34:49.132 [warning] [Decorations] CAPPING events from decorations provider vscode.git 1684
2025-03-08 16:34:54.163 [warning] [Decorations] CAPPING events from decorations provider vscode.git 1684
2025-03-08 16:35:01.311 [warning] [Decorations] CAPPING events from decorations provider vscode.git 1684
2025-03-08 16:35:06.347 [warning] [Decorations] CAPPING events from decorations provider vscode.git 1684
2025-03-08 16:35:11.370 [warning] [Decorations] CAPPING events from decorations provider vscode.git 1684
2025-03-08 16:35:16.444 [warning] [Decorations] CAPPING events from decorations provider vscode.git 1684
2025-03-08 16:35:21.494 [warning] [Decorations] CAPPING events from decorations provider vscode.git 1684
2025-03-08 16:35:26.516 [warning] [Decorations] CAPPING events from decorations provider vscode.git 1684
2025-03-08 16:35:33.946 [warning] [Decorations] CAPPING events from decorations provider vscode.git 1684
2025-03-08 16:35:38.994 [warning] [Decorations] CAPPING events from decorations provider vscode.git 1684
2025-03-08 16:35:44.046 [warning] [Decorations] CAPPING events from decorations provider vscode.git 1684
2025-03-08 16:35:49.155 [warning] [Decorations] CAPPING events from decorations provider vscode.git 1684
2025-03-08 16:35:54.190 [warning] [Decorations] CAPPING events from decorations provider vscode.git 1684
2025-03-08 16:35:59.224 [warning] [Decorations] CAPPING events from decorations provider vscode.git 1684
2025-03-08 16:36:04.291 [warning] [Decorations] CAPPING events from decorations provider vscode.git 1684
2025-03-08 16:36:11.442 [warning] [Decorations] CAPPING events from decorations provider vscode.git 1684
2025-03-08 16:36:16.477 [warning] [Decorations] CAPPING events from decorations provider vscode.git 1684
2025-03-08 16:36:21.507 [warning] [Decorations] CAPPING events from decorations provider vscode.git 1684
2025-03-08 16:36:26.533 [warning] [Decorations] CAPPING events from decorations provider vscode.git 1684
2025-03-08 16:36:31.583 [warning] [Decorations] CAPPING events from decorations provider vscode.git 1684
2025-03-08 16:36:36.616 [warning] [Decorations] CAPPING events from decorations provider vscode.git 1684
2025-03-08 16:36:44.176 [warning] [Decorations] CAPPING events from decorations provider vscode.git 1684
2025-03-08 16:36:49.209 [warning] [Decorations] CAPPING events from decorations provider vscode.git 1684
2025-03-08 16:36:54.238 [warning] [Decorations] CAPPING events from decorations provider vscode.git 1684
2025-03-08 16:36:59.288 [warning] [Decorations] CAPPING events from decorations provider vscode.git 1684
2025-03-08 16:37:04.329 [warning] [Decorations] CAPPING events from decorations provider vscode.git 1684
2025-03-08 16:37:09.495 [warning] [Decorations] CAPPING events from decorations provider vscode.git 1684
2025-03-08 16:37:16.821 [warning] [Decorations] CAPPING events from decorations provider vscode.git 1684
2025-03-08 16:37:21.875 [warning] [Decorations] CAPPING events from decorations provider vscode.git 1684
2025-03-08 16:37:26.944 [warning] [Decorations] CAPPING events from decorations provider vscode.git 1684
2025-03-08 16:37:34.220 [warning] [Decorations] CAPPING events from decorations provider vscode.git 1684
2025-03-08 16:37:39.262 [warning] [Decorations] CAPPING events from decorations provider vscode.git 1684
2025-03-08 16:37:44.294 [warning] [Decorations] CAPPING events from decorations provider vscode.git 1684
2025-03-08 16:37:51.694 [warning] [Decorations] CAPPING events from decorations provider vscode.git 1684
2025-03-08 16:37:56.723 [warning] [Decorations] CAPPING events from decorations provider vscode.git 1684
2025-03-08 16:38:01.792 [warning] [Decorations] CAPPING events from decorations provider vscode.git 1684
2025-03-08 16:38:06.833 [warning] [Decorations] CAPPING events from decorations provider vscode.git 1684
2025-03-08 16:38:11.876 [warning] [Decorations] CAPPING events from decorations provider vscode.git 1684
2025-03-08 16:38:16.959 [warning] [Decorations] CAPPING events from decorations provider vscode.git 1684
2025-03-08 16:38:21.993 [warning] [Decorations] CAPPING events from decorations provider vscode.git 1684
2025-03-08 16:38:28.915 [warning] [Decorations] CAPPING events from decorations provider vscode.git 1684
2025-03-08 16:38:33.955 [warning] [Decorations] CAPPING events from decorations provider vscode.git 1684
2025-03-08 16:38:38.975 [warning] [Decorations] CAPPING events from decorations provider vscode.git 1684
2025-03-08 16:38:44.152 [warning] [Decorations] CAPPING events from decorations provider vscode.git 1684
2025-03-08 16:38:49.194 [warning] [Decorations] CAPPING events from decorations provider vscode.git 1684
2025-03-08 16:38:54.223 [warning] [Decorations] CAPPING events from decorations provider vscode.git 1684
2025-03-08 16:39:01.461 [warning] [Decorations] CAPPING events from decorations provider vscode.git 1684
2025-03-08 16:39:06.487 [warning] [Decorations] CAPPING events from decorations provider vscode.git 1684
2025-03-08 16:39:11.529 [warning] [Decorations] CAPPING events from decorations provider vscode.git 1684
2025-03-08 16:39:16.569 [warning] [Decorations] CAPPING events from decorations provider vscode.git 1684
2025-03-08 16:39:21.595 [warning] [Decorations] CAPPING events from decorations provider vscode.git 1684
2025-03-08 16:39:26.664 [warning] [Decorations] CAPPING events from decorations provider vscode.git 1684
2025-03-08 16:39:31.696 [warning] [Decorations] CAPPING events from decorations provider vscode.git 1684
2025-03-08 16:39:38.770 [warning] [Decorations] CAPPING events from decorations provider vscode.git 1684
2025-03-08 16:39:43.804 [warning] [Decorations] CAPPING events from decorations provider vscode.git 1684
2025-03-08 16:39:48.839 [warning] [Decorations] CAPPING events from decorations provider vscode.git 1684
2025-03-08 16:39:53.870 [warning] [Decorations] CAPPING events from decorations provider vscode.git 1684
2025-03-08 16:39:58.911 [warning] [Decorations] CAPPING events from decorations provider vscode.git 1684
2025-03-08 16:40:03.956 [warning] [Decorations] CAPPING events from decorations provider vscode.git 1684
2025-03-08 16:40:15.862 [warning] [Decorations] CAPPING events from decorations provider vscode.git 1684
2025-03-08 16:40:20.938 [warning] [Decorations] CAPPING events from decorations provider vscode.git 1684
2025-03-08 16:40:25.972 [warning] [Decorations] CAPPING events from decorations provider vscode.git 1684
2025-03-08 16:40:31.004 [warning] [Decorations] CAPPING events from decorations provider vscode.git 1684
2025-03-08 16:40:36.059 [warning] [Decorations] CAPPING events from decorations provider vscode.git 1684
2025-03-08 16:40:43.207 [warning] [Decorations] CAPPING events from decorations provider vscode.git 1684
2025-03-08 16:40:48.243 [warning] [Decorations] CAPPING events from decorations provider vscode.git 1684
2025-03-08 16:40:53.271 [warning] [Decorations] CAPPING events from decorations provider vscode.git 1684
2025-03-08 16:40:58.309 [warning] [Decorations] CAPPING events from decorations provider vscode.git 1684
2025-03-08 16:41:03.372 [warning] [Decorations] CAPPING events from decorations provider vscode.git 1684
2025-03-08 16:41:08.407 [warning] [Decorations] CAPPING events from decorations provider vscode.git 1684
2025-03-08 16:41:13.442 [warning] [Decorations] CAPPING events from decorations provider vscode.git 1684
2025-03-08 16:41:20.600 [warning] [Decorations] CAPPING events from decorations provider vscode.git 1684
2025-03-08 16:41:25.658 [warning] [Decorations] CAPPING events from decorations provider vscode.git 1684
2025-03-08 16:41:30.682 [warning] [Decorations] CAPPING events from decorations provider vscode.git 1684
2025-03-08 16:41:35.701 [warning] [Decorations] CAPPING events from decorations provider vscode.git 1684
2025-03-08 16:41:40.747 [warning] [Decorations] CAPPING events from decorations provider vscode.git 1684
2025-03-08 16:41:45.840 [warning] [Decorations] CAPPING events from decorations provider vscode.git 1684
2025-03-08 16:41:53.009 [warning] [Decorations] CAPPING events from decorations provider vscode.git 1684
2025-03-08 16:41:58.035 [warning] [Decorations] CAPPING events from decorations provider vscode.git 1684
2025-03-08 16:42:03.063 [warning] [Decorations] CAPPING events from decorations provider vscode.git 1684
2025-03-08 16:42:08.095 [warning] [Decorations] CAPPING events from decorations provider vscode.git 1684
2025-03-08 16:42:13.124 [warning] [Decorations] CAPPING events from decorations provider vscode.git 1684
2025-03-08 16:42:18.149 [warning] [Decorations] CAPPING events from decorations provider vscode.git 1684
2025-03-08 16:42:23.197 [warning] [Decorations] CAPPING events from decorations provider vscode.git 1684
2025-03-08 16:42:30.647 [warning] [Decorations] CAPPING events from decorations provider vscode.git 1684
2025-03-08 16:42:35.716 [warning] [Decorations] CAPPING events from decorations provider vscode.git 1684
2025-03-08 16:42:40.738 [warning] [Decorations] CAPPING events from decorations provider vscode.git 1684
2025-03-08 16:42:45.766 [warning] [Decorations] CAPPING events from decorations provider vscode.git 1684
2025-03-08 16:42:50.804 [warning] [Decorations] CAPPING events from decorations provider vscode.git 1684
2025-03-08 16:43:03.013 [warning] [Decorations] CAPPING events from decorations provider vscode.git 1684
2025-03-08 16:43:08.045 [warning] [Decorations] CAPPING events from decorations provider vscode.git 1684
2025-03-08 16:43:13.079 [warning] [Decorations] CAPPING events from decorations provider vscode.git 1684
2025-03-08 16:43:18.115 [warning] [Decorations] CAPPING events from decorations provider vscode.git 1684
2025-03-08 16:43:23.157 [warning] [Decorations] CAPPING events from decorations provider vscode.git 1684
2025-03-08 16:43:28.204 [warning] [Decorations] CAPPING events from decorations provider vscode.git 1684
2025-03-08 16:43:35.344 [warning] [Decorations] CAPPING events from decorations provider vscode.git 1684
2025-03-08 16:43:40.403 [warning] [Decorations] CAPPING events from decorations provider vscode.git 1684
2025-03-08 16:43:45.433 [warning] [Decorations] CAPPING events from decorations provider vscode.git 1684
2025-03-08 16:43:50.458 [warning] [Decorations] CAPPING events from decorations provider vscode.git 1684
2025-03-08 16:43:55.497 [warning] [Decorations] CAPPING events from decorations provider vscode.git 1684
2025-03-08 16:44:00.541 [warning] [Decorations] CAPPING events from decorations provider vscode.git 1684
2025-03-08 16:44:05.581 [warning] [Decorations] CAPPING events from decorations provider vscode.git 1684
2025-03-08 16:44:12.663 [warning] [Decorations] CAPPING events from decorations provider vscode.git 1684
2025-03-08 16:44:17.700 [warning] [Decorations] CAPPING events from decorations provider vscode.git 1684
2025-03-08 16:50:42.581 [warning] [Decorations] CAPPING events from decorations provider vscode.git 1684
2025-03-08 16:50:47.613 [warning] [Decorations] CAPPING events from decorations provider vscode.git 1684
2025-03-08 16:50:52.648 [warning] [Decorations] CAPPING events from decorations provider vscode.git 1684
2025-03-08 16:50:57.677 [warning] [Decorations] CAPPING events from decorations provider vscode.git 1684
2025-03-08 16:51:04.846 [warning] [Decorations] CAPPING events from decorations provider vscode.git 1684
2025-03-08 16:51:09.870 [warning] [Decorations] CAPPING events from decorations provider vscode.git 1684
2025-03-08 16:51:14.908 [warning] [Decorations] CAPPING events from decorations provider vscode.git 1684
2025-03-08 16:51:19.953 [warning] [Decorations] CAPPING events from decorations provider vscode.git 1684
2025-03-08 16:51:26.533 [warning] [Decorations] CAPPING events from decorations provider vscode.git 1684
2025-03-08 16:51:31.571 [warning] [Decorations] CAPPING events from decorations provider vscode.git 1684
2025-03-08 16:51:38.751 [warning] [Decorations] CAPPING events from decorations provider vscode.git 1684
2025-03-08 16:51:43.791 [warning] [Decorations] CAPPING events from decorations provider vscode.git 1684
2025-03-08 16:51:48.842 [warning] [Decorations] CAPPING events from decorations provider vscode.git 1684
2025-03-08 16:51:53.866 [warning] [Decorations] CAPPING events from decorations provider vscode.git 1684
2025-03-08 16:51:58.889 [warning] [Decorations] CAPPING events from decorations provider vscode.git 1684
2025-03-08 16:52:03.919 [warning] [Decorations] CAPPING events from decorations provider vscode.git 1684
2025-03-08 16:52:11.106 [warning] [Decorations] CAPPING events from decorations provider vscode.git 1684
2025-03-08 16:52:16.131 [warning] [Decorations] CAPPING events from decorations provider vscode.git 1684
2025-03-08 16:52:21.159 [warning] [Decorations] CAPPING events from decorations provider vscode.git 1684
2025-03-08 16:52:26.186 [warning] [Decorations] CAPPING events from decorations provider vscode.git 1684
2025-03-08 16:52:46.959 [warning] [Decorations] CAPPING events from decorations provider vscode.git 1684
2025-03-08 16:52:52.018 [warning] [Decorations] CAPPING events from decorations provider vscode.git 1684
2025-03-08 16:52:57.051 [warning] [Decorations] CAPPING events from decorations provider vscode.git 1684
2025-03-08 16:53:02.117 [warning] [Decorations] CAPPING events from decorations provider vscode.git 1684
2025-03-08 16:53:07.151 [warning] [Decorations] CAPPING events from decorations provider vscode.git 1684
2025-03-08 16:53:12.173 [warning] [Decorations] CAPPING events from decorations provider vscode.git 1684
2025-03-08 16:53:19.353 [warning] [Decorations] CAPPING events from decorations provider vscode.git 1684
2025-03-08 16:53:24.383 [warning] [Decorations] CAPPING events from decorations provider vscode.git 1684
2025-03-08 16:53:29.427 [warning] [Decorations] CAPPING events from decorations provider vscode.git 1684
2025-03-08 16:53:34.468 [warning] [Decorations] CAPPING events from decorations provider vscode.git 1684
2025-03-08 16:53:39.497 [warning] [Decorations] CAPPING events from decorations provider vscode.git 1684
2025-03-08 16:53:44.523 [warning] [Decorations] CAPPING events from decorations provider vscode.git 1684
2025-03-08 16:53:49.557 [warning] [Decorations] CAPPING events from decorations provider vscode.git 1684
2025-03-08 16:53:56.727 [warning] [Decorations] CAPPING events from decorations provider vscode.git 1684
2025-03-08 16:54:01.761 [warning] [Decorations] CAPPING events from decorations provider vscode.git 1684
2025-03-08 16:54:06.792 [warning] [Decorations] CAPPING events from decorations provider vscode.git 1684
2025-03-08 16:54:11.830 [warning] [Decorations] CAPPING events from decorations provider vscode.git 1684
2025-03-08 16:54:16.871 [warning] [Decorations] CAPPING events from decorations provider vscode.git 1684
2025-03-08 16:54:21.899 [warning] [Decorations] CAPPING events from decorations provider vscode.git 1684
2025-03-08 16:54:29.066 [warning] [Decorations] CAPPING events from decorations provider vscode.git 1684
2025-03-08 16:54:34.092 [warning] [Decorations] CAPPING events from decorations provider vscode.git 1684
2025-03-08 16:54:39.124 [warning] [Decorations] CAPPING events from decorations provider vscode.git 1684
2025-03-08 16:54:44.190 [warning] [Decorations] CAPPING events from decorations provider vscode.git 1684
2025-03-08 16:54:49.228 [warning] [Decorations] CAPPING events from decorations provider vscode.git 1684
2025-03-08 16:54:54.300 [warning] [Decorations] CAPPING events from decorations provider vscode.git 1684
2025-03-08 16:54:59.358 [warning] [Decorations] CAPPING events from decorations provider vscode.git 1684
2025-03-08 16:55:06.576 [warning] [Decorations] CAPPING events from decorations provider vscode.git 1684
2025-03-08 16:55:11.622 [warning] [Decorations] CAPPING events from decorations provider vscode.git 1684
2025-03-08 16:55:16.722 [warning] [Decorations] CAPPING events from decorations provider vscode.git 1684
2025-03-08 16:55:21.789 [warning] [Decorations] CAPPING events from decorations provider vscode.git 1684
2025-03-08 16:55:26.863 [warning] [Decorations] CAPPING events from decorations provider vscode.git 1684
2025-03-08 16:55:31.889 [warning] [Decorations] CAPPING events from decorations provider vscode.git 1684
2025-03-08 16:56:26.689 [warning] [Decorations] CAPPING events from decorations provider vscode.git 1684
2025-03-08 16:56:31.719 [warning] [Decorations] CAPPING events from decorations provider vscode.git 1684
2025-03-08 16:56:36.779 [warning] [Decorations] CAPPING events from decorations provider vscode.git 1684
2025-03-08 16:56:41.822 [warning] [Decorations] CAPPING events from decorations provider vscode.git 1684
2025-03-08 16:56:48.934 [warning] [Decorations] CAPPING events from decorations provider vscode.git 1684
2025-03-08 16:56:53.978 [warning] [Decorations] CAPPING events from decorations provider vscode.git 1684
2025-03-08 16:56:59.058 [warning] [Decorations] CAPPING events from decorations provider vscode.git 1684
2025-03-08 16:57:04.099 [warning] [Decorations] CAPPING events from decorations provider vscode.git 1684
2025-03-08 16:57:09.141 [warning] [Decorations] CAPPING events from decorations provider vscode.git 1684
2025-03-08 16:57:14.178 [warning] [Decorations] CAPPING events from decorations provider vscode.git 1684
2025-03-08 16:57:21.639 [warning] [Decorations] CAPPING events from decorations provider vscode.git 1684
2025-03-08 16:57:26.682 [warning] [Decorations] CAPPING events from decorations provider vscode.git 1684
2025-03-08 16:57:31.725 [warning] [Decorations] CAPPING events from decorations provider vscode.git 1684
2025-03-08 16:57:36.756 [warning] [Decorations] CAPPING events from decorations provider vscode.git 1684
2025-03-08 16:57:41.794 [warning] [Decorations] CAPPING events from decorations provider vscode.git 1684
2025-03-08 16:57:46.825 [warning] [Decorations] CAPPING events from decorations provider vscode.git 1684
2025-03-08 16:57:51.967 [warning] [Decorations] CAPPING events from decorations provider vscode.git 1684
2025-03-08 16:57:59.104 [warning] [Decorations] CAPPING events from decorations provider vscode.git 1684
2025-03-08 16:58:04.136 [warning] [Decorations] CAPPING events from decorations provider vscode.git 1684
2025-03-08 16:58:09.170 [warning] [Decorations] CAPPING events from decorations provider vscode.git 1684
2025-03-08 16:58:14.207 [warning] [Decorations] CAPPING events from decorations provider vscode.git 1684
2025-03-08 16:58:19.262 [warning] [Decorations] CAPPING events from decorations provider vscode.git 1684
2025-03-08 16:58:24.351 [warning] [Decorations] CAPPING events from decorations provider vscode.git 1684
2025-03-08 16:58:31.720 [warning] [Decorations] CAPPING events from decorations provider vscode.git 1684
2025-03-08 16:58:36.755 [warning] [Decorations] CAPPING events from decorations provider vscode.git 1684
2025-03-08 16:58:41.786 [warning] [Decorations] CAPPING events from decorations provider vscode.git 1684
2025-03-08 16:58:46.807 [warning] [Decorations] CAPPING events from decorations provider vscode.git 1684
2025-03-08 16:58:51.855 [warning] [Decorations] CAPPING events from decorations provider vscode.git 1684
2025-03-08 16:58:56.922 [warning] [Decorations] CAPPING events from decorations provider vscode.git 1684
2025-03-08 16:59:04.183 [warning] [Decorations] CAPPING events from decorations provider vscode.git 1684
2025-03-08 16:59:09.232 [warning] [Decorations] CAPPING events from decorations provider vscode.git 1684
2025-03-08 16:59:14.280 [warning] [Decorations] CAPPING events from decorations provider vscode.git 1684
2025-03-08 16:59:19.316 [warning] [Decorations] CAPPING events from decorations provider vscode.git 1684
2025-03-08 16:59:24.360 [warning] [Decorations] CAPPING events from decorations provider vscode.git 1684
2025-03-08 16:59:29.401 [warning] [Decorations] CAPPING events from decorations provider vscode.git 1684
2025-03-08 16:59:34.461 [warning] [Decorations] CAPPING events from decorations provider vscode.git 1684
2025-03-08 16:59:41.713 [warning] [Decorations] CAPPING events from decorations provider vscode.git 1684
2025-03-08 16:59:46.746 [warning] [Decorations] CAPPING events from decorations provider vscode.git 1684
2025-03-08 16:59:51.775 [warning] [Decorations] CAPPING events from decorations provider vscode.git 1684
2025-03-08 16:59:56.822 [warning] [Decorations] CAPPING events from decorations provider vscode.git 1684
2025-03-08 17:00:02.017 [warning] [Decorations] CAPPING events from decorations provider vscode.git 1684
2025-03-08 17:00:07.051 [warning] [Decorations] CAPPING events from decorations provider vscode.git 1684
2025-03-08 17:00:14.142 [warning] [Decorations] CAPPING events from decorations provider vscode.git 1684
2025-03-08 17:00:19.167 [warning] [Decorations] CAPPING events from decorations provider vscode.git 1684
2025-03-08 17:00:53.920 [warning] [Decorations] CAPPING events from decorations provider vscode.git 1684
2025-03-08 17:00:58.951 [warning] [Decorations] CAPPING events from decorations provider vscode.git 1686
